<?xml version="1.0" encoding="UTF-8"?>
<!-- Generated by org.testng.reporters.JUnitReportReporter -->
<testsuite hostname="LAPTOP-S4LI52S4" failures="0" tests="1" name="com.example.StepDefinitionsTest" time="1.197" errors="0" timestamp="2024-11-26T16:21:31 ART" skipped="0">
  <testcase classname="com.example.StepDefinitionsTest" name="iOpenTheGoogleHomepage" time="1.197"/>
</testsuite> <!-- com.example.StepDefinitionsTest -->
