<?xml version="1.0" encoding="UTF-8"?>
<!-- Generated by org.testng.reporters.JUnitReportReporter -->
<testsuite hostname="LAPTOP-S4LI52S4" failures="0" tests="1" name="com.example.RunCucumberTest" time="5.600" errors="0" timestamp="2024-11-26T15:09:13 ART" skipped="0">
  <testcase classname="com.example.RunCucumberTest" name="runScenario" time="5.600"/>
</testsuite> <!-- com.example.RunCucumberTest -->
