<?xml version="1.0" encoding="UTF-8"?>
<!-- Generated by org.testng.reporters.JUnitReportReporter -->
<testsuite hostname="LAPTOP-S4LI52S4" failures="0" tests="1" name="com.example.RunCucumberTest" time="7.695" errors="0" timestamp="2024-11-26T14:13:56 ART" skipped="0">
  <testcase classname="com.example.RunCucumberTest" name="runScenario" time="7.695"/>
</testsuite> <!-- com.example.RunCucumberTest -->
