<?xml version="1.0" encoding="UTF-8"?>
<!-- Generated by org.testng.reporters.JUnitReportReporter -->
<testsuite hostname="LAPTOP-S4LI52S4" failures="0" tests="1" name="com.example.RunCucumberTest" time="9.609" errors="0" timestamp="2024-11-25T15:38:49 ART" skipped="0">
  <testcase classname="com.example.RunCucumberTest" name="runScenario" time="9.609"/>
</testsuite> <!-- com.example.RunCucumberTest -->
